Summary of SPARK analysis
=========================

--------------------------------------------------------------------------------
SPARK Analysis results        Total      Flow     Provers   Justified   Unproved
--------------------------------------------------------------------------------
Data Dependencies                 .         .           .           .          .
Flow Dependencies                 .         .           .           .          .
Initialization                    .         .           .           .          .
Non-Aliasing                      .         .           .           .          .
Run-time Checks                   6         .    2 (CVC5)           .          4
Assertions                        .         .           .           .          .
Functional Contracts              .         .           .           .          .
LSP Verification                  .         .           .           .          .
Termination                       .         .           .           .          .
Concurrency                       .         .           .           .          .
--------------------------------------------------------------------------------
Total                             6         .     2 (33%)           .    4 (67%)


max steps used for successful proof: 1

Analyzed 1 unit
in unit qoa, 1 subprograms and packages out of 1 analyzed
  Qoa.lms_update at qoa.ads:91 flow analyzed (0 errors, 0 checks, 0 warnings and 0 pragma Assume statements) and not proved, 2 checks out of 6 proved
