Summary of SPARK analysis
=========================

------------------------------------------------------------------------------
SPARK Analysis results        Total      Flow   Provers   Justified   Unproved
------------------------------------------------------------------------------
Data Dependencies                 .         .         .           .          .
Flow Dependencies                 .         .         .           .          .
Initialization                    .         .         .           .          .
Non-Aliasing                      .         .         .           .          .
Run-time Checks                   .         .         .           .          .
Assertions                        .         .         .           .          .
Functional Contracts              .         .         .           .          .
LSP Verification                  .         .         .           .          .
Termination                       .         .         .           .          .
Concurrency                       .         .         .           .          .
------------------------------------------------------------------------------
Total                             .         .         .           .          .


max steps used for successful proof: 0

Analyzed 1 unit
in unit qoa, 1 subprograms and packages out of 1 analyzed
  Qoa.clamp at qoa.ads:102 flow analyzed (0 errors, 0 checks, 0 warnings and 0 pragma Assume statements) and proved (0 checks)
