qoa.adb:177:16: error: function with output global "Output" is not allowed in SPARK[#5]
qoa.adb:305:31: medium: "best_lms.history" might not be initialized[#10]
qoa.adb:305:31: medium: "best_lms.weights" might not be initialized[#11]
qoa.adb:305:31: medium: "best_lms.history" might not be initialized, in call inlined at qoa.adb:343[#19]
qoa.adb:305:31: medium: "best_lms.weights" might not be initialized, in call inlined at qoa.adb:343[#20]
qoa.adb:307:30: medium: "best_slice" might not be initialized[#9]
qoa.adb:307:30: medium: "best_slice" might not be initialized, in call inlined at qoa.adb:343[#18]
qoa.adb:318:07: warning: initialization of "f_len" has no effect[#15]
qoa.adb:320:07: warning: unused variable "frame_samples"[#12]
qoa.adb:321:07: warning: unused variable "frame_size"[#14]
qoa.adb:403:07: warning: initialization of "index" has no effect[#6]
qoa.adb:412:32: medium: "frame_len" might not be initialized in "decode_frame" [reason for check: OUT parameter should be initialized on return] [possible fix: initialize "frame_len" on all paths or make "frame_len" an IN OUT parameter][#0]
qoa.adb:552:09: warning: unused assignment[#7]
qoa.adb:560:38: medium: "Output" might not be initialized[#8]
qoa.ads:47:22: medium: "Output" might not be initialized in "encode" [reason for check: OUT parameter should be fully initialized on return] [possible fix: initialize "Output" on all paths, make "Output" an IN OUT parameter or annotate it with aspect Relaxed_Initialization][#16]
qoa.ads:48:22: warning: unused variable "Output_len"[#13]
qoa.ads:48:22: high: "Output_len" is not initialized in "encode" [reason for check: OUT parameter should be initialized on return] [possible fix: initialize "Output_len" on all paths or make "Output_len" an IN OUT parameter][#17]
qoa.ads:51:29: medium: "qoa.channels" might not be initialized in "decode_header" [reason for check: OUT parameter should be fully initialized on return] [possible fix: initialize "qoa.channels" on all paths, make "qoa" an IN OUT parameter or annotate it with aspect Relaxed_Initialization][#1]
qoa.ads:51:29: medium: "qoa.samplerate" might not be initialized in "decode_header" [reason for check: OUT parameter should be fully initialized on return] [possible fix: initialize "qoa.samplerate" on all paths, make "qoa" an IN OUT parameter or annotate it with aspect Relaxed_Initialization][#2]
qoa.ads:51:29: medium: "qoa.samples" might not be initialized in "decode_header" [reason for check: OUT parameter should be fully initialized on return] [possible fix: initialize "qoa.samples" on all paths, make "qoa" an IN OUT parameter or annotate it with aspect Relaxed_Initialization][#3]
qoa.ads:51:29: high: "qoa.lms" is not initialized in "decode_header" [reason for check: OUT parameter should be fully initialized on return] [possible fix: initialize "qoa.lms" on all paths, make "qoa" an IN OUT parameter or annotate it with aspect Relaxed_Initialization][#4]
